<?xml version="1.0" encoding="UTF-8"?>
<testsuite name="org.redwind.autotest.beluga.steps.apiSteps.TakeAwayBackendStepsTest" tests="2" skipped="0" failures="0" errors="0" timestamp="2025-04-28T02:41:18" hostname="LAPTOP-GLCBVI39" time="0.511">
  <properties/>
  <testcase name="testValidateNewBookingIsPresent()" classname="org.redwind.autotest.beluga.steps.apiSteps.TakeAwayBackendStepsTest" time="0.449"/>
  <testcase name="testUpdateBookingDetailsJSON()" classname="org.redwind.autotest.beluga.steps.apiSteps.TakeAwayBackendStepsTest" time="0.062"/>
  <system-out><![CDATA[]]></system-out>
  <system-err><![CDATA[]]></system-err>
</testsuite>
