<?xml version="1.0" encoding="UTF-8"?>
<testsuite name="org.redwind.autotest.beluga.configuration.RestHelperTest" tests="3" skipped="0" failures="0" errors="0" timestamp="2025-04-28T02:41:16" hostname="LAPTOP-GLCBVI39" time="2.197">
  <properties/>
  <testcase name="testGet()" classname="org.redwind.autotest.beluga.configuration.RestHelperTest" time="2.128"/>
  <testcase name="testPost()" classname="org.redwind.autotest.beluga.configuration.RestHelperTest" time="0.05"/>
  <testcase name="testDelete()" classname="org.redwind.autotest.beluga.configuration.RestHelperTest" time="0.018"/>
  <system-out><![CDATA[]]></system-out>
  <system-err><![CDATA[[Test worker] INFO org.eclipse.jetty.util.log - Logging initialized @12601ms
[Test worker] INFO org.eclipse.jetty.server.Server - jetty-9.2.28.v20190418
[Test worker] INFO org.eclipse.jetty.server.handler.ContextHandler - Started o.e.j.s.ServletContextHandler@127abbbe{/__admin,null,AVAILABLE}
[Test worker] INFO org.eclipse.jetty.server.handler.ContextHandler - Started o.e.j.s.ServletContextHandler@2a03b7d2{/,null,AVAILABLE}
[Test worker] INFO org.eclipse.jetty.server.NetworkTrafficServerConnector - Started NetworkTrafficServerConnector@18ea91d7{HTTP/1.1}{0.0.0.0:8089}
[Test worker] INFO org.eclipse.jetty.server.Server - Started @12804ms
[qtp421765786-46] INFO / - RequestHandlerClass from context returned com.github.tomakehurst.wiremock.http.StubRequestHandler. Normalized mapped under returned 'null'
[Test worker] INFO org.eclipse.jetty.server.NetworkTrafficServerConnector - Stopped NetworkTrafficServerConnector@18ea91d7{HTTP/1.1}{0.0.0.0:8089}
[Test worker] INFO org.eclipse.jetty.server.handler.ContextHandler - Stopped o.e.j.s.ServletContextHandler@2a03b7d2{/,null,UNAVAILABLE}
[Test worker] INFO org.eclipse.jetty.server.handler.ContextHandler - Stopped o.e.j.s.ServletContextHandler@127abbbe{/__admin,null,UNAVAILABLE}
]]></system-err>
</testsuite>
